<?xml version="1.0" encoding="UTF-8"?>
<!-- Generated by org.testng.reporters.JUnitXMLReporter -->
<testsuite hostname="MacBook-Pro-de-Maria.local" ignored="0" name="Default test" tests="2" failures="0" timestamp="29 jun 2018 02:03:20 GMT" time="4.69" errors="0">
  <testcase name="testCommentsListSizePost" time="3.038" classname="br.com.automation.APIRest.TestAPI"/>
  <testcase name="testPostContainsAComment" time="1.614" classname="br.com.automation.APIRest.TestAPI"/>
</testsuite> <!-- Default test -->
