<?xml version="1.0" encoding="UTF-8"?>
<testng-results skipped="0" failed="0" ignored="0" total="2" passed="2">
  <reporter-output>
  </reporter-output>
  <suite name="Default suite" duration-ms="4690" started-at="2018-06-29T02:03:15Z" finished-at="2018-06-29T02:03:20Z">
    <groups>
    </groups>
    <test name="Default test" duration-ms="4690" started-at="2018-06-29T02:03:15Z" finished-at="2018-06-29T02:03:20Z">
      <class name="br.com.automation.APIRest.TestAPI">
        <test-method status="PASS" signature="testCommentsListSizePost()[pri:0, instance:br.com.automation.APIRest.TestAPI@6a41eaa2]" name="testCommentsListSizePost" duration-ms="3038" started-at="2018-06-29T02:03:15Z" finished-at="2018-06-29T02:03:18Z">
          <reporter-output>
          </reporter-output>
        </test-method> <!-- testCommentsListSizePost -->
        <test-method status="PASS" signature="testPostContainsAComment()[pri:0, instance:br.com.automation.APIRest.TestAPI@6a41eaa2]" name="testPostContainsAComment" duration-ms="1614" started-at="2018-06-29T02:03:18Z" finished-at="2018-06-29T02:03:20Z">
          <reporter-output>
          </reporter-output>
        </test-method> <!-- testPostContainsAComment -->
      </class> <!-- br.com.automation.APIRest.TestAPI -->
    </test> <!-- Default test -->
  </suite> <!-- Default suite -->
</testng-results>
