<?xml version="1.0" encoding="UTF-8"?>
<!-- Generated by org.testng.reporters.JUnitXMLReporter -->
<testsuite hostname="M752863-W10" ignored="0" name="Default test" tests="3" failures="0" timestamp="24 Jun 2018 09:30:43 GMT" time="6.808" errors="0">
  <testcase name="verifyGetURI" time="0.005" classname="RestPackage.RestClass"/>
  <testcase name="verifyPostId40Count" time="0.93" classname="RestPackage.RestClass"/>
  <testcase name="verifyPostId40Data" time="1.095" classname="RestPackage.RestClass"/>
</testsuite> <!-- Default test -->
